2017.05.14 20:11:26 ERROR web[AVv973NQ7Kdc8cx+AAPo][o.s.s.p.UpdateCenterClient] Fail to connect to update center
org.sonar.api.utils.SonarException: Fail to download: https://update.sonarsource.org/update-center.properties (no proxy)
	at org.sonar.core.util.DefaultHttpDownloader.failToDownload(DefaultHttpDownloader.java:156)
	at org.sonar.core.util.DefaultHttpDownloader.readString(DefaultHttpDownloader.java:114)
	at org.sonar.api.utils.UriReader.readString(UriReader.java:72)
	at org.sonar.server.plugins.UpdateCenterClient.init(UpdateCenterClient.java:109)
	at org.sonar.server.plugins.UpdateCenterClient.getUpdateCenter(UpdateCenterClient.java:92)
	at org.sonar.server.plugins.UpdateCenterMatrixFactory.getUpdateCenter(UpdateCenterMatrixFactory.java:44)
	at org.sonar.server.plugins.ws.UpdatesAction.handle(UpdatesAction.java:92)
	at org.sonar.server.ws.WebServiceEngine.execute(WebServiceEngine.java:103)
	at org.sonar.server.ws.WebServiceFilter.doFilter(WebServiceFilter.java:85)
	at org.sonar.server.platform.web.MasterServletFilter$GodFilterChain.doFilter(MasterServletFilter.java:126)
	at org.sonar.server.platform.web.MasterServletFilter.doFilter(MasterServletFilter.java:95)
	at org.apache.catalina.core.ApplicationFilterChain.internalDoFilter(ApplicationFilterChain.java:192)
	at org.apache.catalina.core.ApplicationFilterChain.doFilter(ApplicationFilterChain.java:165)
	at org.sonar.server.user.UserSessionFilter.doFilter(UserSessionFilter.java:76)
	at org.sonar.server.user.UserSessionFilter.doFilter(UserSessionFilter.java:63)
	at org.apache.catalina.core.ApplicationFilterChain.internalDoFilter(ApplicationFilterChain.java:192)
	at org.apache.catalina.core.ApplicationFilterChain.doFilter(ApplicationFilterChain.java:165)
	at org.sonar.server.platform.web.SecurityServletFilter.doHttpFilter(SecurityServletFilter.java:72)
	at org.sonar.server.platform.web.SecurityServletFilter.doFilter(SecurityServletFilter.java:48)
	at org.apache.catalina.core.ApplicationFilterChain.internalDoFilter(ApplicationFilterChain.java:192)
	at org.apache.catalina.core.ApplicationFilterChain.doFilter(ApplicationFilterChain.java:165)
	at org.sonar.server.platform.web.RoutesFilter.doFilter(RoutesFilter.java:60)
	at org.apache.catalina.core.ApplicationFilterChain.internalDoFilter(ApplicationFilterChain.java:192)
	at org.apache.catalina.core.ApplicationFilterChain.doFilter(ApplicationFilterChain.java:165)
	at org.sonar.server.platform.web.requestid.RequestIdFilter.doFilter(RequestIdFilter.java:63)
	at org.apache.catalina.core.ApplicationFilterChain.internalDoFilter(ApplicationFilterChain.java:192)
	at org.apache.catalina.core.ApplicationFilterChain.doFilter(ApplicationFilterChain.java:165)
	at org.sonar.server.platform.web.RootFilter.doFilter(RootFilter.java:62)
	at org.apache.catalina.core.ApplicationFilterChain.internalDoFilter(ApplicationFilterChain.java:192)
	at org.apache.catalina.core.ApplicationFilterChain.doFilter(ApplicationFilterChain.java:165)
	at org.apache.catalina.filters.SetCharacterEncodingFilter.doFilter(SetCharacterEncodingFilter.java:108)
	at org.apache.catalina.core.ApplicationFilterChain.internalDoFilter(ApplicationFilterChain.java:192)
	at org.apache.catalina.core.ApplicationFilterChain.doFilter(ApplicationFilterChain.java:165)
	at org.apache.catalina.core.StandardWrapperValve.invoke(StandardWrapperValve.java:198)
	at org.apache.catalina.core.StandardContextValve.invoke(StandardContextValve.java:96)
	at org.apache.catalina.core.StandardHostValve.invoke(StandardHostValve.java:140)
	at org.apache.catalina.valves.ErrorReportValve.invoke(ErrorReportValve.java:79)
	at ch.qos.logback.access.tomcat.LogbackValve.invoke(LogbackValve.java:256)
	at org.apache.catalina.core.StandardEngineValve.invoke(StandardEngineValve.java:87)
	at org.apache.catalina.connector.CoyoteAdapter.service(CoyoteAdapter.java:349)
	at org.apache.coyote.http11.Http11Processor.service(Http11Processor.java:783)
	at org.apache.coyote.AbstractProcessorLight.process(AbstractProcessorLight.java:66)
	at org.apache.coyote.AbstractProtocol$ConnectionHandler.process(AbstractProtocol.java:798)
	at org.apache.tomcat.util.net.NioEndpoint$SocketProcessor.doRun(NioEndpoint.java:1434)
	at org.apache.tomcat.util.net.SocketProcessorBase.run(SocketProcessorBase.java:49)
	at java.util.concurrent.ThreadPoolExecutor.runWorker(ThreadPoolExecutor.java:1142)
	at java.util.concurrent.ThreadPoolExecutor$Worker.run(ThreadPoolExecutor.java:617)
	at org.apache.tomcat.util.threads.TaskThread$WrappingRunnable.run(TaskThread.java:61)
	at java.lang.Thread.run(Thread.java:748)
Caused by: java.net.SocketException: Connection reset
	at java.net.SocketInputStream.read(SocketInputStream.java:210)
	at java.net.SocketInputStream.read(SocketInputStream.java:141)
	at sun.security.ssl.InputRecord.readFully(InputRecord.java:465)
	at sun.security.ssl.InputRecord.readV3Record(InputRecord.java:593)
	at sun.security.ssl.InputRecord.read(InputRecord.java:532)
	at sun.security.ssl.SSLSocketImpl.readRecord(SSLSocketImpl.java:973)
	at sun.security.ssl.SSLSocketImpl.readDataRecord(SSLSocketImpl.java:930)
	at sun.security.ssl.AppInputStream.read(AppInputStream.java:105)
	at java.io.BufferedInputStream.read1(BufferedInputStream.java:284)
	at java.io.BufferedInputStream.read(BufferedInputStream.java:345)
	at sun.net.www.MeteredStream.read(MeteredStream.java:134)
	at java.io.FilterInputStream.read(FilterInputStream.java:133)
	at sun.net.www.protocol.http.HttpURLConnection$HttpInputStream.read(HttpURLConnection.java:3375)
	at sun.nio.cs.StreamDecoder.readBytes(StreamDecoder.java:284)
	at sun.nio.cs.StreamDecoder.implRead(StreamDecoder.java:326)
	at sun.nio.cs.StreamDecoder.read(StreamDecoder.java:178)
	at java.io.InputStreamReader.read(InputStreamReader.java:184)
	at java.io.Reader.read(Reader.java:140)
	at org.apache.commons.io.IOUtils.copyLarge(IOUtils.java:2001)
	at org.apache.commons.io.IOUtils.copyLarge(IOUtils.java:1980)
	at org.apache.commons.io.IOUtils.copy(IOUtils.java:1957)
	at org.apache.commons.io.IOUtils.copy(IOUtils.java:1907)
	at org.apache.commons.io.IOUtils.toString(IOUtils.java:778)
	at org.sonar.core.util.DefaultHttpDownloader.readString(DefaultHttpDownloader.java:112)
	... 47 common frames omitted
2017.05.14 22:48:49 ERROR web[AVv973NQ7Kdc8cx+AAPs][o.s.s.p.UpdateCenterClient] Fail to connect to update center
org.sonar.api.utils.SonarException: Fail to download: https://update.sonarsource.org/update-center.properties (no proxy)
	at org.sonar.core.util.DefaultHttpDownloader.failToDownload(DefaultHttpDownloader.java:156)
	at org.sonar.core.util.DefaultHttpDownloader.readString(DefaultHttpDownloader.java:114)
	at org.sonar.api.utils.UriReader.readString(UriReader.java:72)
	at org.sonar.server.plugins.UpdateCenterClient.init(UpdateCenterClient.java:109)
	at org.sonar.server.plugins.UpdateCenterClient.getUpdateCenter(UpdateCenterClient.java:92)
	at org.sonar.server.plugins.UpdateCenterMatrixFactory.getUpdateCenter(UpdateCenterMatrixFactory.java:44)
	at org.sonar.server.plugins.ws.AvailableAction.handle(AvailableAction.java:79)
	at org.sonar.server.ws.WebServiceEngine.execute(WebServiceEngine.java:103)
	at org.sonar.server.ws.WebServiceFilter.doFilter(WebServiceFilter.java:85)
	at org.sonar.server.platform.web.MasterServletFilter$GodFilterChain.doFilter(MasterServletFilter.java:126)
	at org.sonar.server.platform.web.MasterServletFilter.doFilter(MasterServletFilter.java:95)
	at org.apache.catalina.core.ApplicationFilterChain.internalDoFilter(ApplicationFilterChain.java:192)
	at org.apache.catalina.core.ApplicationFilterChain.doFilter(ApplicationFilterChain.java:165)
	at org.sonar.server.user.UserSessionFilter.doFilter(UserSessionFilter.java:76)
	at org.sonar.server.user.UserSessionFilter.doFilter(UserSessionFilter.java:63)
	at org.apache.catalina.core.ApplicationFilterChain.internalDoFilter(ApplicationFilterChain.java:192)
	at org.apache.catalina.core.ApplicationFilterChain.doFilter(ApplicationFilterChain.java:165)
	at org.sonar.server.platform.web.SecurityServletFilter.doHttpFilter(SecurityServletFilter.java:72)
	at org.sonar.server.platform.web.SecurityServletFilter.doFilter(SecurityServletFilter.java:48)
	at org.apache.catalina.core.ApplicationFilterChain.internalDoFilter(ApplicationFilterChain.java:192)
	at org.apache.catalina.core.ApplicationFilterChain.doFilter(ApplicationFilterChain.java:165)
	at org.sonar.server.platform.web.RoutesFilter.doFilter(RoutesFilter.java:60)
	at org.apache.catalina.core.ApplicationFilterChain.internalDoFilter(ApplicationFilterChain.java:192)
	at org.apache.catalina.core.ApplicationFilterChain.doFilter(ApplicationFilterChain.java:165)
	at org.sonar.server.platform.web.requestid.RequestIdFilter.doFilter(RequestIdFilter.java:63)
	at org.apache.catalina.core.ApplicationFilterChain.internalDoFilter(ApplicationFilterChain.java:192)
	at org.apache.catalina.core.ApplicationFilterChain.doFilter(ApplicationFilterChain.java:165)
	at org.sonar.server.platform.web.RootFilter.doFilter(RootFilter.java:62)
	at org.apache.catalina.core.ApplicationFilterChain.internalDoFilter(ApplicationFilterChain.java:192)
	at org.apache.catalina.core.ApplicationFilterChain.doFilter(ApplicationFilterChain.java:165)
	at org.apache.catalina.filters.SetCharacterEncodingFilter.doFilter(SetCharacterEncodingFilter.java:108)
	at org.apache.catalina.core.ApplicationFilterChain.internalDoFilter(ApplicationFilterChain.java:192)
	at org.apache.catalina.core.ApplicationFilterChain.doFilter(ApplicationFilterChain.java:165)
	at org.apache.catalina.core.StandardWrapperValve.invoke(StandardWrapperValve.java:198)
	at org.apache.catalina.core.StandardContextValve.invoke(StandardContextValve.java:96)
	at org.apache.catalina.core.StandardHostValve.invoke(StandardHostValve.java:140)
	at org.apache.catalina.valves.ErrorReportValve.invoke(ErrorReportValve.java:79)
	at ch.qos.logback.access.tomcat.LogbackValve.invoke(LogbackValve.java:256)
	at org.apache.catalina.core.StandardEngineValve.invoke(StandardEngineValve.java:87)
	at org.apache.catalina.connector.CoyoteAdapter.service(CoyoteAdapter.java:349)
	at org.apache.coyote.http11.Http11Processor.service(Http11Processor.java:783)
	at org.apache.coyote.AbstractProcessorLight.process(AbstractProcessorLight.java:66)
	at org.apache.coyote.AbstractProtocol$ConnectionHandler.process(AbstractProtocol.java:798)
	at org.apache.tomcat.util.net.NioEndpoint$SocketProcessor.doRun(NioEndpoint.java:1434)
	at org.apache.tomcat.util.net.SocketProcessorBase.run(SocketProcessorBase.java:49)
	at java.util.concurrent.ThreadPoolExecutor.runWorker(ThreadPoolExecutor.java:1142)
	at java.util.concurrent.ThreadPoolExecutor$Worker.run(ThreadPoolExecutor.java:617)
	at org.apache.tomcat.util.threads.TaskThread$WrappingRunnable.run(TaskThread.java:61)
	at java.lang.Thread.run(Thread.java:748)
Caused by: java.net.SocketTimeoutException: Read timed out
	at java.net.SocketInputStream.socketRead0(Native Method)
	at java.net.SocketInputStream.socketRead(SocketInputStream.java:116)
	at java.net.SocketInputStream.read(SocketInputStream.java:171)
	at java.net.SocketInputStream.read(SocketInputStream.java:141)
	at sun.security.ssl.InputRecord.readFully(InputRecord.java:465)
	at sun.security.ssl.InputRecord.readV3Record(InputRecord.java:593)
	at sun.security.ssl.InputRecord.read(InputRecord.java:532)
	at sun.security.ssl.SSLSocketImpl.readRecord(SSLSocketImpl.java:973)
	at sun.security.ssl.SSLSocketImpl.readDataRecord(SSLSocketImpl.java:930)
	at sun.security.ssl.AppInputStream.read(AppInputStream.java:105)
	at java.io.BufferedInputStream.read1(BufferedInputStream.java:284)
	at java.io.BufferedInputStream.read(BufferedInputStream.java:345)
	at sun.net.www.MeteredStream.read(MeteredStream.java:134)
	at java.io.FilterInputStream.read(FilterInputStream.java:133)
	at sun.net.www.protocol.http.HttpURLConnection$HttpInputStream.read(HttpURLConnection.java:3375)
	at sun.nio.cs.StreamDecoder.readBytes(StreamDecoder.java:284)
	at sun.nio.cs.StreamDecoder.implRead(StreamDecoder.java:326)
	at sun.nio.cs.StreamDecoder.read(StreamDecoder.java:178)
	at java.io.InputStreamReader.read(InputStreamReader.java:184)
	at java.io.Reader.read(Reader.java:140)
	at org.apache.commons.io.IOUtils.copyLarge(IOUtils.java:2001)
	at org.apache.commons.io.IOUtils.copyLarge(IOUtils.java:1980)
	at org.apache.commons.io.IOUtils.copy(IOUtils.java:1957)
	at org.apache.commons.io.IOUtils.copy(IOUtils.java:1907)
	at org.apache.commons.io.IOUtils.toString(IOUtils.java:778)
	at org.sonar.core.util.DefaultHttpDownloader.readString(DefaultHttpDownloader.java:112)
	... 47 common frames omitted
2017.05.14 22:48:54 ERROR web[AVv973NQ7Kdc8cx+AAPu][o.s.s.p.UpdateCenterClient] Fail to connect to update center
org.sonar.api.utils.SonarException: Fail to download: https://update.sonarsource.org/update-center.properties (no proxy)
	at org.sonar.core.util.DefaultHttpDownloader.failToDownload(DefaultHttpDownloader.java:156)
	at org.sonar.core.util.DefaultHttpDownloader.readString(DefaultHttpDownloader.java:114)
	at org.sonar.api.utils.UriReader.readString(UriReader.java:72)
	at org.sonar.server.plugins.UpdateCenterClient.init(UpdateCenterClient.java:109)
	at org.sonar.server.plugins.UpdateCenterClient.getUpdateCenter(UpdateCenterClient.java:92)
	at org.sonar.server.plugins.UpdateCenterMatrixFactory.getUpdateCenter(UpdateCenterMatrixFactory.java:44)
	at org.sonar.server.plugins.ws.PluginWSCommons.compatiblePlugins(PluginWSCommons.java:279)
	at org.sonar.server.plugins.ws.PluginWSCommons.compatiblePluginsByKey(PluginWSCommons.java:284)
	at org.sonar.server.plugins.ws.PendingAction.handle(PendingAction.java:85)
	at org.sonar.server.ws.WebServiceEngine.execute(WebServiceEngine.java:103)
	at org.sonar.server.ws.WebServiceFilter.doFilter(WebServiceFilter.java:85)
	at org.sonar.server.platform.web.MasterServletFilter$GodFilterChain.doFilter(MasterServletFilter.java:126)
	at org.sonar.server.platform.web.MasterServletFilter.doFilter(MasterServletFilter.java:95)
	at org.apache.catalina.core.ApplicationFilterChain.internalDoFilter(ApplicationFilterChain.java:192)
	at org.apache.catalina.core.ApplicationFilterChain.doFilter(ApplicationFilterChain.java:165)
	at org.sonar.server.user.UserSessionFilter.doFilter(UserSessionFilter.java:76)
	at org.sonar.server.user.UserSessionFilter.doFilter(UserSessionFilter.java:63)
	at org.apache.catalina.core.ApplicationFilterChain.internalDoFilter(ApplicationFilterChain.java:192)
	at org.apache.catalina.core.ApplicationFilterChain.doFilter(ApplicationFilterChain.java:165)
	at org.sonar.server.platform.web.SecurityServletFilter.doHttpFilter(SecurityServletFilter.java:72)
	at org.sonar.server.platform.web.SecurityServletFilter.doFilter(SecurityServletFilter.java:48)
	at org.apache.catalina.core.ApplicationFilterChain.internalDoFilter(ApplicationFilterChain.java:192)
	at org.apache.catalina.core.ApplicationFilterChain.doFilter(ApplicationFilterChain.java:165)
	at org.sonar.server.platform.web.RoutesFilter.doFilter(RoutesFilter.java:60)
	at org.apache.catalina.core.ApplicationFilterChain.internalDoFilter(ApplicationFilterChain.java:192)
	at org.apache.catalina.core.ApplicationFilterChain.doFilter(ApplicationFilterChain.java:165)
	at org.sonar.server.platform.web.requestid.RequestIdFilter.doFilter(RequestIdFilter.java:63)
	at org.apache.catalina.core.ApplicationFilterChain.internalDoFilter(ApplicationFilterChain.java:192)
	at org.apache.catalina.core.ApplicationFilterChain.doFilter(ApplicationFilterChain.java:165)
	at org.sonar.server.platform.web.RootFilter.doFilter(RootFilter.java:62)
	at org.apache.catalina.core.ApplicationFilterChain.internalDoFilter(ApplicationFilterChain.java:192)
	at org.apache.catalina.core.ApplicationFilterChain.doFilter(ApplicationFilterChain.java:165)
	at org.apache.catalina.filters.SetCharacterEncodingFilter.doFilter(SetCharacterEncodingFilter.java:108)
	at org.apache.catalina.core.ApplicationFilterChain.internalDoFilter(ApplicationFilterChain.java:192)
	at org.apache.catalina.core.ApplicationFilterChain.doFilter(ApplicationFilterChain.java:165)
	at org.apache.catalina.core.StandardWrapperValve.invoke(StandardWrapperValve.java:198)
	at org.apache.catalina.core.StandardContextValve.invoke(StandardContextValve.java:96)
	at org.apache.catalina.core.StandardHostValve.invoke(StandardHostValve.java:140)
	at org.apache.catalina.valves.ErrorReportValve.invoke(ErrorReportValve.java:79)
	at ch.qos.logback.access.tomcat.LogbackValve.invoke(LogbackValve.java:256)
	at org.apache.catalina.core.StandardEngineValve.invoke(StandardEngineValve.java:87)
	at org.apache.catalina.connector.CoyoteAdapter.service(CoyoteAdapter.java:349)
	at org.apache.coyote.http11.Http11Processor.service(Http11Processor.java:783)
	at org.apache.coyote.AbstractProcessorLight.process(AbstractProcessorLight.java:66)
	at org.apache.coyote.AbstractProtocol$ConnectionHandler.process(AbstractProtocol.java:798)
	at org.apache.tomcat.util.net.NioEndpoint$SocketProcessor.doRun(NioEndpoint.java:1434)
	at org.apache.tomcat.util.net.SocketProcessorBase.run(SocketProcessorBase.java:49)
	at java.util.concurrent.ThreadPoolExecutor.runWorker(ThreadPoolExecutor.java:1142)
	at java.util.concurrent.ThreadPoolExecutor$Worker.run(ThreadPoolExecutor.java:617)
	at org.apache.tomcat.util.threads.TaskThread$WrappingRunnable.run(TaskThread.java:61)
	at java.lang.Thread.run(Thread.java:748)
Caused by: java.net.SocketTimeoutException: Read timed out
	at java.net.SocketInputStream.socketRead0(Native Method)
	at java.net.SocketInputStream.socketRead(SocketInputStream.java:116)
	at java.net.SocketInputStream.read(SocketInputStream.java:171)
	at java.net.SocketInputStream.read(SocketInputStream.java:141)
	at sun.security.ssl.InputRecord.readFully(InputRecord.java:465)
	at sun.security.ssl.InputRecord.readV3Record(InputRecord.java:593)
	at sun.security.ssl.InputRecord.read(InputRecord.java:532)
	at sun.security.ssl.SSLSocketImpl.readRecord(SSLSocketImpl.java:973)
	at sun.security.ssl.SSLSocketImpl.readDataRecord(SSLSocketImpl.java:930)
	at sun.security.ssl.AppInputStream.read(AppInputStream.java:105)
	at java.io.BufferedInputStream.read1(BufferedInputStream.java:284)
	at java.io.BufferedInputStream.read(BufferedInputStream.java:345)
	at sun.net.www.MeteredStream.read(MeteredStream.java:134)
	at java.io.FilterInputStream.read(FilterInputStream.java:133)
	at sun.net.www.protocol.http.HttpURLConnection$HttpInputStream.read(HttpURLConnection.java:3375)
	at sun.nio.cs.StreamDecoder.readBytes(StreamDecoder.java:284)
	at sun.nio.cs.StreamDecoder.implRead(StreamDecoder.java:326)
	at sun.nio.cs.StreamDecoder.read(StreamDecoder.java:178)
	at java.io.InputStreamReader.read(InputStreamReader.java:184)
	at java.io.Reader.read(Reader.java:140)
	at org.apache.commons.io.IOUtils.copyLarge(IOUtils.java:2001)
	at org.apache.commons.io.IOUtils.copyLarge(IOUtils.java:1980)
	at org.apache.commons.io.IOUtils.copy(IOUtils.java:1957)
	at org.apache.commons.io.IOUtils.copy(IOUtils.java:1907)
	at org.apache.commons.io.IOUtils.toString(IOUtils.java:778)
	at org.sonar.core.util.DefaultHttpDownloader.readString(DefaultHttpDownloader.java:112)
	... 49 common frames omitted
2017.05.14 22:49:22 ERROR web[AVv973NQ7Kdc8cx+AAPv][o.s.s.p.UpdateCenterClient] Fail to connect to update center
org.sonar.api.utils.SonarException: Fail to download: https://update.sonarsource.org/update-center.properties (no proxy)
	at org.sonar.core.util.DefaultHttpDownloader.failToDownload(DefaultHttpDownloader.java:156)
	at org.sonar.core.util.DefaultHttpDownloader.readString(DefaultHttpDownloader.java:114)
	at org.sonar.api.utils.UriReader.readString(UriReader.java:72)
	at org.sonar.server.plugins.UpdateCenterClient.init(UpdateCenterClient.java:109)
	at org.sonar.server.plugins.UpdateCenterClient.getUpdateCenter(UpdateCenterClient.java:92)
	at org.sonar.server.plugins.UpdateCenterMatrixFactory.getUpdateCenter(UpdateCenterMatrixFactory.java:44)
	at org.sonar.server.plugins.ws.PluginWSCommons.compatiblePlugins(PluginWSCommons.java:279)
	at org.sonar.server.plugins.ws.PluginWSCommons.compatiblePluginsByKey(PluginWSCommons.java:284)
	at org.sonar.server.plugins.ws.PendingAction.handle(PendingAction.java:85)
	at org.sonar.server.ws.WebServiceEngine.execute(WebServiceEngine.java:103)
	at org.sonar.server.ws.WebServiceFilter.doFilter(WebServiceFilter.java:85)
	at org.sonar.server.platform.web.MasterServletFilter$GodFilterChain.doFilter(MasterServletFilter.java:126)
	at org.sonar.server.platform.web.MasterServletFilter.doFilter(MasterServletFilter.java:95)
	at org.apache.catalina.core.ApplicationFilterChain.internalDoFilter(ApplicationFilterChain.java:192)
	at org.apache.catalina.core.ApplicationFilterChain.doFilter(ApplicationFilterChain.java:165)
	at org.sonar.server.user.UserSessionFilter.doFilter(UserSessionFilter.java:76)
	at org.sonar.server.user.UserSessionFilter.doFilter(UserSessionFilter.java:63)
	at org.apache.catalina.core.ApplicationFilterChain.internalDoFilter(ApplicationFilterChain.java:192)
	at org.apache.catalina.core.ApplicationFilterChain.doFilter(ApplicationFilterChain.java:165)
	at org.sonar.server.platform.web.SecurityServletFilter.doHttpFilter(SecurityServletFilter.java:72)
	at org.sonar.server.platform.web.SecurityServletFilter.doFilter(SecurityServletFilter.java:48)
	at org.apache.catalina.core.ApplicationFilterChain.internalDoFilter(ApplicationFilterChain.java:192)
	at org.apache.catalina.core.ApplicationFilterChain.doFilter(ApplicationFilterChain.java:165)
	at org.sonar.server.platform.web.RoutesFilter.doFilter(RoutesFilter.java:60)
	at org.apache.catalina.core.ApplicationFilterChain.internalDoFilter(ApplicationFilterChain.java:192)
	at org.apache.catalina.core.ApplicationFilterChain.doFilter(ApplicationFilterChain.java:165)
	at org.sonar.server.platform.web.requestid.RequestIdFilter.doFilter(RequestIdFilter.java:63)
	at org.apache.catalina.core.ApplicationFilterChain.internalDoFilter(ApplicationFilterChain.java:192)
	at org.apache.catalina.core.ApplicationFilterChain.doFilter(ApplicationFilterChain.java:165)
	at org.sonar.server.platform.web.RootFilter.doFilter(RootFilter.java:62)
	at org.apache.catalina.core.ApplicationFilterChain.internalDoFilter(ApplicationFilterChain.java:192)
	at org.apache.catalina.core.ApplicationFilterChain.doFilter(ApplicationFilterChain.java:165)
	at org.apache.catalina.filters.SetCharacterEncodingFilter.doFilter(SetCharacterEncodingFilter.java:108)
	at org.apache.catalina.core.ApplicationFilterChain.internalDoFilter(ApplicationFilterChain.java:192)
	at org.apache.catalina.core.ApplicationFilterChain.doFilter(ApplicationFilterChain.java:165)
	at org.apache.catalina.core.StandardWrapperValve.invoke(StandardWrapperValve.java:198)
	at org.apache.catalina.core.StandardContextValve.invoke(StandardContextValve.java:96)
	at org.apache.catalina.core.StandardHostValve.invoke(StandardHostValve.java:140)
	at org.apache.catalina.valves.ErrorReportValve.invoke(ErrorReportValve.java:79)
	at ch.qos.logback.access.tomcat.LogbackValve.invoke(LogbackValve.java:256)
	at org.apache.catalina.core.StandardEngineValve.invoke(StandardEngineValve.java:87)
	at org.apache.catalina.connector.CoyoteAdapter.service(CoyoteAdapter.java:349)
	at org.apache.coyote.http11.Http11Processor.service(Http11Processor.java:783)
	at org.apache.coyote.AbstractProcessorLight.process(AbstractProcessorLight.java:66)
	at org.apache.coyote.AbstractProtocol$ConnectionHandler.process(AbstractProtocol.java:798)
	at org.apache.tomcat.util.net.NioEndpoint$SocketProcessor.doRun(NioEndpoint.java:1434)
	at org.apache.tomcat.util.net.SocketProcessorBase.run(SocketProcessorBase.java:49)
	at java.util.concurrent.ThreadPoolExecutor.runWorker(ThreadPoolExecutor.java:1142)
	at java.util.concurrent.ThreadPoolExecutor$Worker.run(ThreadPoolExecutor.java:617)
	at org.apache.tomcat.util.threads.TaskThread$WrappingRunnable.run(TaskThread.java:61)
	at java.lang.Thread.run(Thread.java:748)
Caused by: java.net.SocketTimeoutException: Read timed out
	at java.net.SocketInputStream.socketRead0(Native Method)
	at java.net.SocketInputStream.socketRead(SocketInputStream.java:116)
	at java.net.SocketInputStream.read(SocketInputStream.java:171)
	at java.net.SocketInputStream.read(SocketInputStream.java:141)
	at sun.security.ssl.InputRecord.readFully(InputRecord.java:465)
	at sun.security.ssl.InputRecord.readV3Record(InputRecord.java:593)
	at sun.security.ssl.InputRecord.read(InputRecord.java:532)
	at sun.security.ssl.SSLSocketImpl.readRecord(SSLSocketImpl.java:973)
	at sun.security.ssl.SSLSocketImpl.readDataRecord(SSLSocketImpl.java:930)
	at sun.security.ssl.AppInputStream.read(AppInputStream.java:105)
	at java.io.BufferedInputStream.read1(BufferedInputStream.java:284)
	at java.io.BufferedInputStream.read(BufferedInputStream.java:345)
	at sun.net.www.MeteredStream.read(MeteredStream.java:134)
	at java.io.FilterInputStream.read(FilterInputStream.java:133)
	at sun.net.www.protocol.http.HttpURLConnection$HttpInputStream.read(HttpURLConnection.java:3375)
	at sun.nio.cs.StreamDecoder.readBytes(StreamDecoder.java:284)
	at sun.nio.cs.StreamDecoder.implRead(StreamDecoder.java:326)
	at sun.nio.cs.StreamDecoder.read(StreamDecoder.java:178)
	at java.io.InputStreamReader.read(InputStreamReader.java:184)
	at java.io.Reader.read(Reader.java:140)
	at org.apache.commons.io.IOUtils.copyLarge(IOUtils.java:2001)
	at org.apache.commons.io.IOUtils.copyLarge(IOUtils.java:1980)
	at org.apache.commons.io.IOUtils.copy(IOUtils.java:1957)
	at org.apache.commons.io.IOUtils.copy(IOUtils.java:1907)
	at org.apache.commons.io.IOUtils.toString(IOUtils.java:778)
	at org.sonar.core.util.DefaultHttpDownloader.readString(DefaultHttpDownloader.java:112)
	... 49 common frames omitted
2017.05.14 22:49:29 ERROR web[AVv973NQ7Kdc8cx+AAP+][o.s.s.p.UpdateCenterClient] Fail to connect to update center
org.sonar.api.utils.SonarException: Fail to download: https://update.sonarsource.org/update-center.properties (no proxy)
	at org.sonar.core.util.DefaultHttpDownloader.failToDownload(DefaultHttpDownloader.java:156)
	at org.sonar.core.util.DefaultHttpDownloader.readString(DefaultHttpDownloader.java:114)
	at org.sonar.api.utils.UriReader.readString(UriReader.java:72)
	at org.sonar.server.plugins.UpdateCenterClient.init(UpdateCenterClient.java:109)
	at org.sonar.server.plugins.UpdateCenterClient.getUpdateCenter(UpdateCenterClient.java:92)
	at org.sonar.server.plugins.UpdateCenterMatrixFactory.getUpdateCenter(UpdateCenterMatrixFactory.java:44)
	at org.sonar.server.plugins.ws.UpdatesAction.handle(UpdatesAction.java:92)
	at org.sonar.server.ws.WebServiceEngine.execute(WebServiceEngine.java:103)
	at org.sonar.server.ws.WebServiceFilter.doFilter(WebServiceFilter.java:85)
	at org.sonar.server.platform.web.MasterServletFilter$GodFilterChain.doFilter(MasterServletFilter.java:126)
	at org.sonar.server.platform.web.MasterServletFilter.doFilter(MasterServletFilter.java:95)
	at org.apache.catalina.core.ApplicationFilterChain.internalDoFilter(ApplicationFilterChain.java:192)
	at org.apache.catalina.core.ApplicationFilterChain.doFilter(ApplicationFilterChain.java:165)
	at org.sonar.server.user.UserSessionFilter.doFilter(UserSessionFilter.java:76)
	at org.sonar.server.user.UserSessionFilter.doFilter(UserSessionFilter.java:63)
	at org.apache.catalina.core.ApplicationFilterChain.internalDoFilter(ApplicationFilterChain.java:192)
	at org.apache.catalina.core.ApplicationFilterChain.doFilter(ApplicationFilterChain.java:165)
	at org.sonar.server.platform.web.SecurityServletFilter.doHttpFilter(SecurityServletFilter.java:72)
	at org.sonar.server.platform.web.SecurityServletFilter.doFilter(SecurityServletFilter.java:48)
	at org.apache.catalina.core.ApplicationFilterChain.internalDoFilter(ApplicationFilterChain.java:192)
	at org.apache.catalina.core.ApplicationFilterChain.doFilter(ApplicationFilterChain.java:165)
	at org.sonar.server.platform.web.RoutesFilter.doFilter(RoutesFilter.java:60)
	at org.apache.catalina.core.ApplicationFilterChain.internalDoFilter(ApplicationFilterChain.java:192)
	at org.apache.catalina.core.ApplicationFilterChain.doFilter(ApplicationFilterChain.java:165)
	at org.sonar.server.platform.web.requestid.RequestIdFilter.doFilter(RequestIdFilter.java:63)
	at org.apache.catalina.core.ApplicationFilterChain.internalDoFilter(ApplicationFilterChain.java:192)
	at org.apache.catalina.core.ApplicationFilterChain.doFilter(ApplicationFilterChain.java:165)
	at org.sonar.server.platform.web.RootFilter.doFilter(RootFilter.java:62)
	at org.apache.catalina.core.ApplicationFilterChain.internalDoFilter(ApplicationFilterChain.java:192)
	at org.apache.catalina.core.ApplicationFilterChain.doFilter(ApplicationFilterChain.java:165)
	at org.apache.catalina.filters.SetCharacterEncodingFilter.doFilter(SetCharacterEncodingFilter.java:108)
	at org.apache.catalina.core.ApplicationFilterChain.internalDoFilter(ApplicationFilterChain.java:192)
	at org.apache.catalina.core.ApplicationFilterChain.doFilter(ApplicationFilterChain.java:165)
	at org.apache.catalina.core.StandardWrapperValve.invoke(StandardWrapperValve.java:198)
	at org.apache.catalina.core.StandardContextValve.invoke(StandardContextValve.java:96)
	at org.apache.catalina.core.StandardHostValve.invoke(StandardHostValve.java:140)
	at org.apache.catalina.valves.ErrorReportValve.invoke(ErrorReportValve.java:79)
	at ch.qos.logback.access.tomcat.LogbackValve.invoke(LogbackValve.java:256)
	at org.apache.catalina.core.StandardEngineValve.invoke(StandardEngineValve.java:87)
	at org.apache.catalina.connector.CoyoteAdapter.service(CoyoteAdapter.java:349)
	at org.apache.coyote.http11.Http11Processor.service(Http11Processor.java:783)
	at org.apache.coyote.AbstractProcessorLight.process(AbstractProcessorLight.java:66)
	at org.apache.coyote.AbstractProtocol$ConnectionHandler.process(AbstractProtocol.java:798)
	at org.apache.tomcat.util.net.NioEndpoint$SocketProcessor.doRun(NioEndpoint.java:1434)
	at org.apache.tomcat.util.net.SocketProcessorBase.run(SocketProcessorBase.java:49)
	at java.util.concurrent.ThreadPoolExecutor.runWorker(ThreadPoolExecutor.java:1142)
	at java.util.concurrent.ThreadPoolExecutor$Worker.run(ThreadPoolExecutor.java:617)
	at org.apache.tomcat.util.threads.TaskThread$WrappingRunnable.run(TaskThread.java:61)
	at java.lang.Thread.run(Thread.java:748)
Caused by: java.net.SocketTimeoutException: Read timed out
	at java.net.SocketInputStream.socketRead0(Native Method)
	at java.net.SocketInputStream.socketRead(SocketInputStream.java:116)
	at java.net.SocketInputStream.read(SocketInputStream.java:171)
	at java.net.SocketInputStream.read(SocketInputStream.java:141)
	at sun.security.ssl.InputRecord.readFully(InputRecord.java:465)
	at sun.security.ssl.InputRecord.readV3Record(InputRecord.java:593)
	at sun.security.ssl.InputRecord.read(InputRecord.java:532)
	at sun.security.ssl.SSLSocketImpl.readRecord(SSLSocketImpl.java:973)
	at sun.security.ssl.SSLSocketImpl.readDataRecord(SSLSocketImpl.java:930)
	at sun.security.ssl.AppInputStream.read(AppInputStream.java:105)
	at java.io.BufferedInputStream.read1(BufferedInputStream.java:284)
	at java.io.BufferedInputStream.read(BufferedInputStream.java:345)
	at sun.net.www.MeteredStream.read(MeteredStream.java:134)
	at java.io.FilterInputStream.read(FilterInputStream.java:133)
	at sun.net.www.protocol.http.HttpURLConnection$HttpInputStream.read(HttpURLConnection.java:3375)
	at sun.nio.cs.StreamDecoder.readBytes(StreamDecoder.java:284)
	at sun.nio.cs.StreamDecoder.implRead(StreamDecoder.java:326)
	at sun.nio.cs.StreamDecoder.read(StreamDecoder.java:178)
	at java.io.InputStreamReader.read(InputStreamReader.java:184)
	at java.io.Reader.read(Reader.java:140)
	at org.apache.commons.io.IOUtils.copyLarge(IOUtils.java:2001)
	at org.apache.commons.io.IOUtils.copyLarge(IOUtils.java:1980)
	at org.apache.commons.io.IOUtils.copy(IOUtils.java:1957)
	at org.apache.commons.io.IOUtils.copy(IOUtils.java:1907)
	at org.apache.commons.io.IOUtils.toString(IOUtils.java:778)
	at org.sonar.core.util.DefaultHttpDownloader.readString(DefaultHttpDownloader.java:112)
	... 47 common frames omitted
2017.05.14 23:47:40 INFO  web[][o.s.p.ProcessEntryPoint] Starting web
2017.05.14 23:47:41 INFO  web[][o.a.t.u.n.NioSelectorPool] Using a shared selector for servlet write/read
2017.05.14 23:47:44 INFO  web[][o.e.plugins] [Termagaira] modules [], plugins [], sites []
2017.05.14 23:47:45 INFO  web[][o.s.s.e.EsClientProvider] Connected to local Elasticsearch: [127.0.0.1:9001]
2017.05.14 23:47:45 INFO  web[][o.s.s.p.LogServerVersion] SonarQube Server / 6.3.1.21392 / 54be39f47d188340b14d4d9236bbf3d43b1db2ae
2017.05.14 23:47:50 INFO  web[][o.s.s.p.d.EmbeddedDatabase] Starting embedded database on port 9092 with url jdbc:h2:tcp://localhost:9092/sonar
2017.05.14 23:47:50 INFO  web[][o.s.s.p.d.EmbeddedDatabase] Embedded database started. Data stored in: C:\sonarqube-6.3.1\data
2017.05.14 23:47:50 INFO  web[][o.sonar.db.Database] Create JDBC data source for jdbc:h2:tcp://localhost:9092/sonar
2017.05.14 23:47:51 WARN  web[][o.s.d.DatabaseChecker] H2 database should be used for evaluation purpose only
2017.05.14 23:47:53 INFO  web[][o.s.s.p.ServerFileSystemImpl] SonarQube home: C:\sonarqube-6.3.1
2017.05.14 23:47:53 INFO  web[][o.s.s.p.ServerPluginRepository] Deploy plugin Apex / 1.0b175
2017.05.14 23:47:53 INFO  web[][o.s.s.p.ServerPluginRepository] Deploy plugin C# / 5.7.0.612 / 6c7d5830a41c62429eade2ead6e3fdf12a388856
2017.05.14 23:47:53 INFO  web[][o.s.s.p.ServerPluginRepository] Deploy plugin Flex / 2.3 / 79167f762219bea1fd181ff5ef6ca4b34abd1675
2017.05.14 23:47:53 INFO  web[][o.s.s.p.ServerPluginRepository] Deploy plugin Git / 1.2 / a713dd64daf8719ba4e7f551f9a1966c62690c17
2017.05.14 23:47:53 INFO  web[][o.s.s.p.ServerPluginRepository] Deploy plugin Java / 4.5.0.8398 / f5a869c42a13d27735d57da1691ca167093a885b
2017.05.14 23:47:53 INFO  web[][o.s.s.p.ServerPluginRepository] Deploy plugin PHP / 2.9.2.1744 / 949b3433f56b501573b08243bc8485b0585ad5a1
2017.05.14 23:47:53 INFO  web[][o.s.s.p.ServerPluginRepository] Deploy plugin Python / 1.7.0.1195 / 5c015d7ae2353373d3dc52a465d1cd805ab6535a
2017.05.14 23:47:53 INFO  web[][o.s.s.p.ServerPluginRepository] Deploy plugin SVN / 1.4.0.522 / 1309b92a587d1c8fd55a2981c69ceadc1f79e79c
2017.05.14 23:47:53 INFO  web[][o.s.s.p.ServerPluginRepository] Deploy plugin SonarJS / 2.20.0.4207 / d65285af4c43250613fa9d176207aeda9176d20a
2017.05.14 23:48:02 INFO  web[][o.s.s.p.UpdateCenterClient] Update center: https://update.sonarsource.org/update-center.properties (no proxy)
2017.05.14 23:48:05 INFO  web[][o.s.s.n.NotificationDaemon] Notification service started (delay 60 sec.)
2017.05.14 23:48:06 INFO  web[][o.s.s.s.RegisterMetrics] Register metrics
2017.05.14 23:48:06 INFO  web[][o.s.s.r.RegisterRules] Register rules
2017.05.14 23:48:11 INFO  web[][o.s.s.q.RegisterQualityProfiles] Register quality profiles
2017.05.14 23:48:13 INFO  web[][o.s.s.q.RegisterQualityProfiles] Register profile {lang=apex, name=Sonar way}
2017.05.14 23:48:13 INFO  web[][o.s.s.q.RegisterQualityProfiles] Set default apex profile: Sonar way
2017.05.14 23:48:13 INFO  web[][o.s.s.s.RegisterPermissionTemplates] Register permission templates
2017.05.14 23:48:13 INFO  web[][o.s.s.s.RenameDeprecatedPropertyKeys] Rename deprecated property keys
2017.05.14 23:48:13 INFO  web[][o.s.s.e.IndexerStartupTask] Index authorization
2017.05.14 23:48:13 INFO  web[][o.s.s.e.IndexerStartupTask] Index issues
2017.05.14 23:48:13 INFO  web[][o.s.s.e.IndexerStartupTask] Index tests
2017.05.14 23:48:13 INFO  web[][o.s.s.e.IndexerStartupTask] Index users
2017.05.14 23:48:13 INFO  web[][o.s.s.e.IndexerStartupTask] Index views
2017.05.14 23:48:13 INFO  web[][o.s.s.e.IndexerStartupTask] Index project measures
2017.05.14 23:48:13 INFO  web[][o.s.s.e.IndexerStartupTask] Index components
2017.05.14 23:48:13 INFO  web[][o.s.s.p.w.MasterServletFilter] Initializing servlet filter org.sonar.server.authentication.ws.LoginAction@7199642a [pattern=org.sonar.api.web.ServletFilter$UrlPattern@12c29718]
2017.05.14 23:48:13 INFO  web[][o.s.s.p.w.MasterServletFilter] Initializing servlet filter org.sonar.server.authentication.ws.LogoutAction@7a736bd [pattern=org.sonar.api.web.ServletFilter$UrlPattern@3da5ba57]
2017.05.14 23:48:13 INFO  web[][o.s.s.p.w.MasterServletFilter] Initializing servlet filter org.sonar.server.authentication.ws.ValidateAction@9781e70 [pattern=org.sonar.api.web.ServletFilter$UrlPattern@3754c33c]
2017.05.14 23:48:13 INFO  web[][o.s.s.p.w.MasterServletFilter] Initializing servlet filter org.sonar.server.ws.WebServiceFilter@58ed310a [pattern=org.sonar.api.web.ServletFilter$UrlPattern@17678a48]
2017.05.14 23:48:13 INFO  web[][o.s.s.p.w.MasterServletFilter] Initializing servlet filter org.sonar.server.ws.DeprecatedPropertiesWsFilter@261e91de [pattern=org.sonar.api.web.ServletFilter$UrlPattern@17ca9176]
2017.05.14 23:48:13 INFO  web[][o.s.s.p.w.MasterServletFilter] Initializing servlet filter org.sonar.server.authentication.InitFilter@41374589 [pattern=org.sonar.api.web.ServletFilter$UrlPattern@1375ac10]
2017.05.14 23:48:13 INFO  web[][o.s.s.p.w.MasterServletFilter] Initializing servlet filter org.sonar.server.authentication.OAuth2CallbackFilter@4fdcf42e [pattern=org.sonar.api.web.ServletFilter$UrlPattern@34bcfb51]
2017.05.14 23:48:14 INFO  web[][o.s.s.a.TomcatAccessLog] Web server is started
2017.05.14 23:48:14 INFO  web[][o.s.s.a.EmbeddedTomcat] HTTP connector enabled on port 9000
